[1/415] Running: ac1_acceleration_all_or_nothing

Manual Harness Summary:
Complete - 1 successfully verified harnesses, 0 failures, 1 total.
  -> PASS (4s)
[2/415] Running: ac2_acceleration_fires_iff_admits

Manual Harness Summary:
Complete - 1 successfully verified harnesses, 0 failures, 1 total.
  -> PASS (5s)
[3/415] Running: ac4_acceleration_conservation

Manual Harness Summary:
Complete - 1 successfully verified harnesses, 0 failures, 1 total.
  -> PASS (5s)
[4/415] Running: ac5_admit_outstanding_atomic_on_err

Manual Harness Summary:
Complete - 1 successfully verified harnesses, 0 failures, 1 total.
  -> PASS (5s)
[5/415] Running: ac6_outstanding_acceleration_blocked_by_nonzero_hmin

Manual Harness Summary:
Complete - 1 successfully verified harnesses, 0 failures, 1 total.
  -> PASS (5s)
[6/415] Running: ac7_outstanding_acceleration_blocked_by_active_threshold

Manual Harness Summary:
Complete - 1 successfully verified harnesses, 0 failures, 1 total.
  -> PASS (5s)
[7/415] Running: ah1_single_admission_range

Manual Harness Summary:
Complete - 1 successfully verified harnesses, 0 failures, 1 total.
  -> PASS (5s)
[8/415] Running: ah2_sticky_is_absorbing

Manual Harness Summary:
Complete - 1 successfully verified harnesses, 0 failures, 1 total.
  -> PASS (5s)
[9/415] Running: ah3_no_under_admission

Manual Harness Summary:
Complete - 1 successfully verified harnesses, 0 failures, 1 total.
  -> PASS (5s)
[10/415] Running: ah4_hmin_zero_immediate_release_when_residual_positive

Manual Harness Summary:
Complete - 1 successfully verified harnesses, 0 failures, 1 total.
  -> PASS (4s)
[11/415] Running: ah5_cross_account_sticky_isolation

Manual Harness Summary:
Complete - 1 successfully verified harnesses, 0 failures, 1 total.
  -> PASS (5s)
[12/415] Running: ah6_positive_hmin_floor

Manual Harness Summary:
Complete - 1 successfully verified harnesses, 0 failures, 1 total.
  -> PASS (5s)
[13/415] Running: ah7_sticky_bitmap_is_idempotent_and_never_capacity_bound

Manual Harness Summary:
Complete - 1 successfully verified harnesses, 0 failures, 1 total.
  -> PASS (3s)
[14/415] Running: ah8_broken_conservation_fails

Manual Harness Summary:
Complete - 1 successfully verified harnesses, 0 failures, 1 total.
  -> PASS (4s)
[15/415] Running: bounded_deposit_conservation

Manual Harness Summary:
Complete - 1 successfully verified harnesses, 0 failures, 1 total.
  -> PASS (8s)
[16/415] Running: bounded_equity_nonneg_flat

Manual Harness Summary:
Complete - 1 successfully verified harnesses, 0 failures, 1 total.
  -> PASS (6s)
[17/415] Running: bounded_haircut_ratio_bounded

Manual Harness Summary:
Complete - 1 successfully verified harnesses, 0 failures, 1 total.
  -> PASS (4s)
[18/415] Running: bounded_liquidation_conservation

Manual Harness Summary:
Complete - 1 successfully verified harnesses, 0 failures, 1 total.
  -> PASS (28s)
[19/415] Running: bounded_margin_withdrawal

Manual Harness Summary:
Complete - 1 successfully verified harnesses, 0 failures, 1 total.
  -> PASS (12s)
[20/415] Running: bounded_trade_conservation

Manual Harness Summary:
Complete - 1 successfully verified harnesses, 0 failures, 1 total.
  -> PASS (87s)
[21/415] Running: bounded_trade_conservation_symbolic_size

Manual Harness Summary:
Complete - 1 successfully verified harnesses, 0 failures, 1 total.
  -> PASS (150s)
[22/415] Running: bounded_trade_conservation_with_fees

Manual Harness Summary:
Complete - 1 successfully verified harnesses, 0 failures, 1 total.
  -> PASS (25s)
[23/415] Running: bounded_withdraw_conservation

Manual Harness Summary:
Complete - 1 successfully verified harnesses, 0 failures, 1 total.
  -> PASS (74s)
[24/415] Running: in1_no_live_immediate_release

Manual Harness Summary:
Complete - 1 successfully verified harnesses, 0 failures, 1 total.
  -> PASS (5s)
[25/415] Running: inductive_deposit_preserves_accounting

Manual Harness Summary:
Complete - 1 successfully verified harnesses, 0 failures, 1 total.
  -> PASS (7s)
[26/415] Running: inductive_set_capital_decrease_preserves_accounting

Manual Harness Summary:
Complete - 1 successfully verified harnesses, 0 failures, 1 total.
  -> PASS (8s)
[27/415] Running: inductive_set_pnl_preserves_pnl_pos_tot_delta

Manual Harness Summary:
Complete - 1 successfully verified harnesses, 0 failures, 1 total.
  -> PASS (12s)
[28/415] Running: inductive_settle_loss_preserves_accounting

Manual Harness Summary:
Complete - 1 successfully verified harnesses, 0 failures, 1 total.
  -> PASS (27s)
[29/415] Running: inductive_top_up_insurance_preserves_accounting

Manual Harness Summary:
Complete - 1 successfully verified harnesses, 0 failures, 1 total.
  -> PASS (12s)
[30/415] Running: inductive_withdraw_preserves_accounting

Manual Harness Summary:
Complete - 1 successfully verified harnesses, 0 failures, 1 total.
  -> PASS (39s)
[31/415] Running: k104_oi_geq_sum_of_effective

Manual Harness Summary:
Complete - 1 successfully verified harnesses, 0 failures, 1 total.
  -> PASS (4s)
[32/415] Running: k1_accrue_rejects_dt_over_envelope

Manual Harness Summary:
Complete - 1 successfully verified harnesses, 0 failures, 1 total.
  -> PASS (16s)
[33/415] Running: k201_keeper_crank_rejects_oversized_budget

Manual Harness Summary:
Complete - 1 successfully verified harnesses, 0 failures, 1 total.
  -> PASS (63s)
[34/415] Running: k202_postcondition_detects_broken_conservation

Manual Harness Summary:
Complete - 1 successfully verified harnesses, 0 failures, 1 total.
  -> PASS (8s)
[35/415] Running: k2_resolve_degenerate_bypasses_dt_cap

Manual Harness Summary:
Complete - 1 successfully verified harnesses, 0 failures, 1 total.
  -> PASS (6s)
[36/415] Running: k71_neg_pnl_count_tracks_actual

Manual Harness Summary:
Complete - 1 successfully verified harnesses, 0 failures, 1 total.
  -> PASS (6s)
[37/415] Running: k9_admission_pair_rejects_zero_max

Manual Harness Summary:
Complete - 1 successfully verified harnesses, 0 failures, 1 total.
  -> PASS (4s)
[38/415] Running: proof_a2_reserve_bounds_after_set_pnl

Manual Harness Summary:
Complete - 1 successfully verified harnesses, 0 failures, 1 total.
  -> PASS (11s)
[39/415] Running: proof_a7_fee_credits_bounds_after_trade

Manual Harness Summary:
Complete - 1 successfully verified harnesses, 0 failures, 1 total.
  -> PASS (9s)
[40/415] Running: proof_absorb_protocol_loss_drains_to_zero

Manual Harness Summary:
Complete - 1 successfully verified harnesses, 0 failures, 1 total.
  -> PASS (4s)
[41/415] Running: proof_account_b_chunk_commit_requires_combined_pnl_candidate_fits

Manual Harness Summary:
Complete - 1 successfully verified harnesses, 0 failures, 1 total.
  -> PASS (3s)
[42/415] Running: proof_account_b_partial_settlement_blocks_user_value_until_current

Manual Harness Summary:
Complete - 1 successfully verified harnesses, 0 failures, 1 total.
  -> PASS (3s)
[43/415] Running: proof_account_b_positive_public_budget_never_deadlocks_stale_account

Manual Harness Summary:
Complete - 1 successfully verified harnesses, 0 failures, 1 total.
  -> PASS (4s)
[44/415] Running: proof_account_b_recovery_rejects_when_production_chunk_advances

Manual Harness Summary:
Complete - 1 successfully verified harnesses, 0 failures, 1 total.
  -> PASS (81s)
[45/415] Running: proof_account_b_settlement_chunk_respects_loss_limit_and_advances_locally

Manual Harness Summary:
Complete - 1 successfully verified harnesses, 0 failures, 1 total.
  -> PASS (4s)
[46/415] Running: proof_account_b_zero_delta_routes_to_progress_required_or_recovery

Manual Harness Summary:
Complete - 1 successfully verified harnesses, 0 failures, 1 total.
  -> PASS (3s)
[47/415] Running: proof_account_equity_net_nonnegative

Manual Harness Summary:
Complete - 1 successfully verified harnesses, 0 failures, 1 total.
  -> PASS (6s)
[48/415] Running: proof_accrue_mark_still_works

Manual Harness Summary:
Complete - 1 successfully verified harnesses, 0 failures, 1 total.
  -> PASS (42s)
[49/415] Running: proof_accrue_no_funding_when_rate_zero

Manual Harness Summary:
Complete - 1 successfully verified harnesses, 0 failures, 1 total.
  -> PASS (7s)
[50/415] Running: proof_active_bankrupt_close_chunk_caps_force_recovery_not_infinite_progress

Manual Harness Summary:
Complete - 1 successfully verified harnesses, 0 failures, 1 total.
  -> PASS (3s)
[51/415] Running: proof_active_bankrupt_close_uses_frozen_economics

Manual Harness Summary:
Complete - 1 successfully verified harnesses, 0 failures, 1 total.
  -> PASS (3s)
[52/415] Running: proof_active_close_continuation_makes_bounded_progress_on_prod_code

Manual Harness Summary:
Complete - 1 successfully verified harnesses, 0 failures, 1 total.
  -> PASS (13s)
[53/415] Running: proof_active_close_continuation_preserves_frozen_economics_on_prod_code

Manual Harness Summary:
Complete - 1 successfully verified harnesses, 0 failures, 1 total.
  -> PASS (12s)
[54/415] Running: proof_active_close_recovery_reason_fails_closed_without_active_close_state

Manual Harness Summary:
Complete - 1 successfully verified harnesses, 0 failures, 1 total.
  -> PASS (7s)
[55/415] Running: proof_active_close_recovery_records_residual_before_resolve_on_prod_code

Manual Harness Summary:
Complete - 1 successfully verified harnesses, 0 failures, 1 total.
  -> PASS (8s)
[56/415] Running: proof_add_lp_count_rollback_on_alloc_failure

Manual Harness Summary:
Complete - 1 successfully verified harnesses, 0 failures, 1 total.
  -> PASS (4s)
[57/415] Running: proof_add_user_count_rollback_on_alloc_failure

Manual Harness Summary:
Complete - 1 successfully verified harnesses, 0 failures, 1 total.
  -> PASS (4s)
[58/415] Running: proof_adl_b_loss_booking_bounded_by_rounded_settlement_effect

Manual Harness Summary:
Complete - 1 successfully verified harnesses, 0 failures, 1 total.
  -> PASS (22s)
[59/415] Running: proof_adl_pipeline_books_b_and_schedules_resets_on_prod_code

Manual Harness Summary:
Complete - 1 successfully verified harnesses, 0 failures, 1 total.
  -> PASS (10s)
[60/415] Running: proof_adl_uncertified_potential_dust_routes_deficit_without_b_or_k_write

Manual Harness Summary:
Complete - 1 successfully verified harnesses, 0 failures, 1 total.
  -> PASS (10s)
[61/415] Running: proof_attach_effective_position_updates_side_counts

Manual Harness Summary:
Complete - 1 successfully verified harnesses, 0 failures, 1 total.
  -> PASS (7s)
[62/415] Running: proof_audit2_close_account_structural_safety

Manual Harness Summary:
Complete - 1 successfully verified harnesses, 0 failures, 1 total.
  -> PASS (64s)
[63/415] Running: proof_audit2_deposit_existing_accepts_small_topup

Manual Harness Summary:
Complete - 1 successfully verified harnesses, 0 failures, 1 total.
  -> PASS (9s)
[64/415] Running: proof_audit2_deposit_materializes_missing_account

Manual Harness Summary:
Complete - 1 successfully verified harnesses, 0 failures, 1 total.
  -> PASS (8s)
[65/415] Running: proof_audit2_deposit_rejects_zero_amount_for_missing

Manual Harness Summary:
Complete - 1 successfully verified harnesses, 0 failures, 1 total.
  -> PASS (6s)
[66/415] Running: proof_audit2_funding_rate_clamped

Manual Harness Summary:
Complete - 1 successfully verified harnesses, 0 failures, 1 total.
  -> PASS (7s)
[67/415] Running: proof_audit2_positive_overflow_equity_conservative

Manual Harness Summary:
Complete - 1 successfully verified harnesses, 0 failures, 1 total.
  -> PASS (6s)
[68/415] Running: proof_audit2_positive_overflow_no_false_liquidation

Manual Harness Summary:
Complete - 1 successfully verified harnesses, 0 failures, 1 total.
  -> PASS (5s)
[69/415] Running: proof_audit3_checked_u128_mul_i128_no_panic_at_boundary

Manual Harness Summary:
Complete - 1 successfully verified harnesses, 0 failures, 1 total.
  -> PASS (4s)
[70/415] Running: proof_audit3_compute_trade_pnl_no_panic_at_boundary

Manual Harness Summary:
Complete - 1 successfully verified harnesses, 0 failures, 1 total.
  -> PASS (11s)
[71/415] Running: proof_audit4_add_user_atomic_on_failure

Manual Harness Summary:
Complete - 1 successfully verified harnesses, 0 failures, 1 total.
  -> PASS (5s)
[72/415] Running: proof_audit4_add_user_atomic_on_tvl_failure

Manual Harness Summary:
Complete - 1 successfully verified harnesses, 0 failures, 1 total.
  -> PASS (5s)
[73/415] Running: proof_audit4_deposit_fee_credits_checked_arithmetic

Manual Harness Summary:
Complete - 1 successfully verified harnesses, 0 failures, 1 total.
  -> PASS (6s)
[74/415] Running: proof_audit4_deposit_fee_credits_max_tvl

Manual Harness Summary:
Complete - 1 successfully verified harnesses, 0 failures, 1 total.
  -> PASS (6s)
[75/415] Running: proof_audit4_deposit_fee_credits_time_monotonicity

Manual Harness Summary:
Complete - 1 successfully verified harnesses, 0 failures, 1 total.
  -> PASS (12s)
[76/415] Running: proof_audit4_init_in_place_canonical

Manual Harness Summary:
Complete - 1 successfully verified harnesses, 0 failures, 1 total.
  -> PASS (6s)
[77/415] Running: proof_audit4_materialize_at_freelist_integrity

Manual Harness Summary:
Complete - 1 successfully verified harnesses, 0 failures, 1 total.
  -> PASS (16s)
[78/415] Running: proof_audit4_top_up_insurance_no_panic

Manual Harness Summary:
Complete - 1 successfully verified harnesses, 0 failures, 1 total.
  -> PASS (8s)
[79/415] Running: proof_audit4_top_up_insurance_overflow

Manual Harness Summary:
Complete - 1 successfully verified harnesses, 0 failures, 1 total.
  -> PASS (5s)
[80/415] Running: proof_audit5_deposit_fee_credits_no_positive

Manual Harness Summary:
Complete - 1 successfully verified harnesses, 0 failures, 1 total.
  -> PASS (8s)
[81/415] Running: proof_audit5_deposit_fee_credits_zero_debt_noop

Manual Harness Summary:
Complete - 1 successfully verified harnesses, 0 failures, 1 total.
  -> PASS (12s)
[82/415] Running: proof_audit5_reclaim_empty_account_basic

Manual Harness Summary:
Complete - 1 successfully verified harnesses, 0 failures, 1 total.
  -> PASS (7s)
[83/415] Running: proof_audit5_reclaim_rejects_live_capital

Manual Harness Summary:
Complete - 1 successfully verified harnesses, 0 failures, 1 total.
  -> PASS (5s)
[84/415] Running: proof_audit5_reclaim_rejects_open_position

Manual Harness Summary:
Complete - 1 successfully verified harnesses, 0 failures, 1 total.
  -> PASS (5s)
[85/415] Running: proof_audit5_reclaim_requires_zero_capital

Manual Harness Summary:
Complete - 1 successfully verified harnesses, 0 failures, 1 total.
  -> PASS (8s)
[86/415] Running: proof_audit_empty_lp_reclaimable

Manual Harness Summary:
Complete - 1 successfully verified harnesses, 0 failures, 1 total.
  -> PASS (7s)
[87/415] Running: proof_audit_fee_sweep_pnl_conservation

Manual Harness Summary:
Complete - 1 successfully verified harnesses, 0 failures, 1 total.
  -> PASS (8s)
[88/415] Running: proof_audit_im_uses_exact_raw_equity

Manual Harness Summary:
Complete - 1 successfully verified harnesses, 0 failures, 1 total.
  -> PASS (10s)
[89/415] Running: proof_audit_k_pair_chronology_not_inverted

Manual Harness Summary:
Complete - 1 successfully verified harnesses, 0 failures, 1 total.
  -> PASS (15s)
[90/415] Running: proof_b1_conservation_after_trade_with_fees

Manual Harness Summary:
Complete - 1 successfully verified harnesses, 0 failures, 1 total.
  -> PASS (15s)
[91/415] Running: proof_b5_matured_leq_pos_tot

Manual Harness Summary:
Complete - 1 successfully verified harnesses, 0 failures, 1 total.
  -> PASS (12s)
[92/415] Running: proof_b7_oi_balance_after_trade

Manual Harness Summary:
Complete - 1 successfully verified harnesses, 0 failures, 1 total.
  -> PASS (196s)
[93/415] Running: proof_b_booking_chunk_conserves_scaled_loss_and_bounds_b

Manual Harness Summary:
Complete - 1 successfully verified harnesses, 0 failures, 1 total.
  -> PASS (4s)
[94/415] Running: proof_bankruptcy_residual_handler_fails_forward_without_active_close_state

Manual Harness Summary:
Complete - 1 successfully verified harnesses, 0 failures, 1 total.
  -> PASS (21s)
[95/415] Running: proof_begin_full_drain_reset

Manual Harness Summary:
Complete - 1 successfully verified harnesses, 0 failures, 1 total.
  -> PASS (4s)
[96/415] Running: proof_below_floor_recovery_rejects_when_bounded_step_can_progress_on_prod_code

Manual Harness Summary:
Complete - 1 successfully verified harnesses, 0 failures, 1 total.
  -> PASS (8s)
[97/415] Running: proof_bilateral_oi_decomposition

Manual Harness Summary:
Complete - 1 successfully verified harnesses, 0 failures, 1 total.
  -> PASS (142s)
[98/415] Running: proof_blocked_segment_recovery_rejects_when_bounded_accrual_can_progress_on_prod_code

Manual Harness Summary:
Complete - 1 successfully verified harnesses, 0 failures, 1 total.
  -> PASS (303s)
[99/415] Running: proof_buffer_masking_blocked

Manual Harness Summary:
Complete - 1 successfully verified harnesses, 0 failures, 1 total.
  -> PASS (26s)
[100/415] Running: proof_ceil_div_positive_checked

Manual Harness Summary:
Complete - 1 successfully verified harnesses, 0 failures, 1 total.
  -> PASS (4s)
[101/415] Running: proof_check_conservation_basic

Manual Harness Summary:
Complete - 1 successfully verified harnesses, 0 failures, 1 total.
  -> PASS (4s)
[102/415] Running: proof_close_account_fee_forgiveness_bounded

Manual Harness Summary:
Complete - 1 successfully verified harnesses, 0 failures, 1 total.
  -> PASS (13s)
[103/415] Running: proof_close_account_pnl_check_before_fee_forgive

Manual Harness Summary:
Complete - 1 successfully verified harnesses, 0 failures, 1 total.
  -> PASS (7s)
[104/415] Running: proof_close_account_returns_capital

Manual Harness Summary:
Complete - 1 successfully verified harnesses, 0 failures, 1 total.
  -> PASS (59s)
[105/415] Running: proof_config_rejects_fee_cap_exceeds_max

Manual Harness Summary:
Complete - 1 successfully verified harnesses, 0 failures, 1 total.
  -> PASS (3s)
[106/415] Running: proof_config_rejects_invalid_bps

Manual Harness Summary:
Complete - 1 successfully verified harnesses, 0 failures, 1 total.
  -> PASS (4s)
[107/415] Running: proof_config_rejects_liq_fee_inversion

Manual Harness Summary:
Complete - 1 successfully verified harnesses, 0 failures, 1 total.
  -> PASS (3s)
[108/415] Running: proof_config_rejects_oversized_max_accounts

Manual Harness Summary:
Complete - 1 successfully verified harnesses, 0 failures, 1 total.
  -> PASS (4s)
[109/415] Running: proof_config_rejects_zero_max_accounts

Manual Harness Summary:
Complete - 1 successfully verified harnesses, 0 failures, 1 total.
  -> PASS (3s)
[110/415] Running: proof_convert_released_pnl_conservation

Manual Harness Summary:
Complete - 1 successfully verified harnesses, 0 failures, 1 total.
  -> PASS (31s)
[111/415] Running: proof_convert_released_pnl_exercises_conversion

Manual Harness Summary:
Complete - 1 successfully verified harnesses, 0 failures, 1 total.
  -> PASS (25s)
[112/415] Running: proof_counter_or_epoch_overflow_recovery_resolves_at_p_last_on_prod_code

Manual Harness Summary:
Complete - 1 successfully verified harnesses, 0 failures, 1 total.
  -> PASS (14s)
[113/415] Running: proof_crankforward_requires_recovery_or_impossibility_proof

Manual Harness Summary:
Complete - 1 successfully verified harnesses, 0 failures, 1 total.
  -> PASS (3s)
[114/415] Running: proof_deposit_fee_credits_cap

Manual Harness Summary:
Complete - 1 successfully verified harnesses, 0 failures, 1 total.
  -> PASS (17s)
[115/415] Running: proof_deposit_no_insurance_draw

Manual Harness Summary:
Complete - 1 successfully verified harnesses, 0 failures, 1 total.
  -> PASS (14s)
[116/415] Running: proof_deposit_nonflat_no_sweep_no_resolve

Manual Harness Summary:
Complete - 1 successfully verified harnesses, 0 failures, 1 total.
  -> PASS (36s)
[117/415] Running: proof_deposit_sweep_pnl_guard

Manual Harness Summary:
Complete - 1 successfully verified harnesses, 0 failures, 1 total.
  -> PASS (15s)
[118/415] Running: proof_deposit_sweep_when_pnl_nonneg

Manual Harness Summary:
Complete - 1 successfully verified harnesses, 0 failures, 1 total.
  -> PASS (13s)
[119/415] Running: proof_deposit_then_withdraw_roundtrip

Manual Harness Summary:
Complete - 1 successfully verified harnesses, 0 failures, 1 total.
  -> PASS (71s)
[120/415] Running: proof_drain_only_to_reset_progress

Manual Harness Summary:
Complete - 1 successfully verified harnesses, 0 failures, 1 total.
  -> PASS (4s)
[121/415] Running: proof_e8_position_bound_enforcement

Manual Harness Summary:
Complete - 1 successfully verified harnesses, 0 failures, 1 total.
  -> PASS (12s)
[122/415] Running: proof_effective_pos_q_epoch_mismatch_returns_zero

Manual Harness Summary:
Complete - 1 successfully verified harnesses, 0 failures, 1 total.
  -> PASS (8s)
[123/415] Running: proof_effective_pos_q_flat_is_zero

Manual Harness Summary:
Complete - 1 successfully verified harnesses, 0 failures, 1 total.
  -> PASS (65s)
[124/415] Running: proof_epoch_snap_correct_on_nonzero_attach

Manual Harness Summary:
Complete - 1 successfully verified harnesses, 0 failures, 1 total.
  -> PASS (31s)
[125/415] Running: proof_epoch_snap_zero_on_position_zeroout

Manual Harness Summary:
Complete - 1 successfully verified harnesses, 0 failures, 1 total.
  -> PASS (62s)
[126/415] Running: proof_execute_trade_full_margin_enforcement

Manual Harness Summary:
Complete - 1 successfully verified harnesses, 0 failures, 1 total.
  -> PASS (115s)
[127/415] Running: proof_explicit_loss_recovery_resolves_at_p_last_without_minting_claims_on_prod_code

Manual Harness Summary:
Complete - 1 successfully verified harnesses, 0 failures, 1 total.
  -> PASS (13s)
[128/415] Running: proof_explicit_unallocated_loss_is_durable_before_clear_and_not_payout_capacity

Manual Harness Summary:
Complete - 1 successfully verified harnesses, 0 failures, 1 total.
  -> PASS (3s)
[129/415] Running: proof_f8_loss_seniority_in_touch

Manual Harness Summary:
Complete - 1 successfully verified harnesses, 0 failures, 1 total.
  -> PASS (26s)
[130/415] Running: proof_fee_credits_never_i128_min

Manual Harness Summary:
Complete - 1 successfully verified harnesses, 0 failures, 1 total.
  -> PASS (3s)
[131/415] Running: proof_fee_debt_sweep_checked_arithmetic

Manual Harness Summary:
Complete - 1 successfully verified harnesses, 0 failures, 1 total.
  -> PASS (9s)
[132/415] Running: proof_fee_debt_sweep_consumes_released_pnl

Manual Harness Summary:
Complete - 1 successfully verified harnesses, 0 failures, 1 total.
  -> PASS (10s)
[133/415] Running: proof_fee_shortfall_routes_to_fee_credits

Manual Harness Summary:
Complete - 1 successfully verified harnesses, 0 failures, 1 total.
  -> PASS (6s)
[134/415] Running: proof_finalize_side_reset_requires_conditions

Manual Harness Summary:
Complete - 1 successfully verified harnesses, 0 failures, 1 total.
  -> PASS (4s)
[135/415] Running: proof_flat_account_initial_margin_healthy

Manual Harness Summary:
Complete - 1 successfully verified harnesses, 0 failures, 1 total.
  -> PASS (9s)
[136/415] Running: proof_flat_account_maintenance_healthy

Manual Harness Summary:
Complete - 1 successfully verified harnesses, 0 failures, 1 total.
  -> PASS (8s)
[137/415] Running: proof_flat_close_shortfall_non_worsening

Manual Harness Summary:
Complete - 1 successfully verified harnesses, 0 failures, 1 total.
  -> PASS (9s)
[138/415] Running: proof_flat_close_shortfall_predicate

Manual Harness Summary:
Complete - 1 successfully verified harnesses, 0 failures, 1 total.
  -> PASS (8s)
[139/415] Running: proof_flat_negative_resolves_through_insurance

Manual Harness Summary:
Complete - 1 successfully verified harnesses, 0 failures, 1 total.
  -> PASS (36s)
[140/415] Running: proof_flat_zero_equity_not_maintenance_healthy

Manual Harness Summary:
Complete - 1 successfully verified harnesses, 0 failures, 1 total.
  -> PASS (5s)
[141/415] Running: proof_force_close_resolved_fee_sweep_conservation

Manual Harness Summary:
Complete - 1 successfully verified harnesses, 0 failures, 1 total.
  -> PASS (51s)
[142/415] Running: proof_force_close_resolved_flat_returns_capital

Manual Harness Summary:
Complete - 1 successfully verified harnesses, 0 failures, 1 total.
  -> PASS (49s)
[143/415] Running: proof_force_close_resolved_pos_count_decrements

Manual Harness Summary:
Complete - 1 successfully verified harnesses, 0 failures, 1 total.
  -> PASS (479s)
[144/415] Running: proof_force_close_resolved_position_conservation

Manual Harness Summary:
Complete - 1 successfully verified harnesses, 0 failures, 1 total.
  -> PASS (269s)
[145/415] Running: proof_force_close_resolved_rechecks_terminal_counters_despite_ready_flag_on_prod_code

Manual Harness Summary:
Complete - 1 successfully verified harnesses, 0 failures, 1 total.
  -> PASS (18s)
[146/415] Running: proof_force_close_resolved_with_fee_progress_only_syncs_before_payout_on_prod_code

Manual Harness Summary:
Complete - 1 successfully verified harnesses, 0 failures, 1 total.
  -> PASS (22s)
[147/415] Running: proof_force_close_resolved_with_position_conserves

Manual Harness Summary:
Complete - 1 successfully verified harnesses, 0 failures, 1 total.
  -> PASS (276s)
[148/415] Running: proof_force_close_resolved_with_profit_conserves

Manual Harness Summary:
Complete - 1 successfully verified harnesses, 0 failures, 1 total.
  -> PASS (92s)
[149/415] Running: proof_funding_floor_not_truncation

Manual Harness Summary:
Complete - 1 successfully verified harnesses, 0 failures, 1 total.
  -> PASS (10s)
[150/415] Running: proof_funding_price_basis_timing

Manual Harness Summary:
Complete - 1 successfully verified harnesses, 0 failures, 1 total.
  -> PASS (11s)
[151/415] Running: proof_funding_rate_accepted_in_accrue

Manual Harness Summary:
Complete - 1 successfully verified harnesses, 0 failures, 1 total.
  -> PASS (7s)
[152/415] Running: proof_funding_rate_bound_rejected

Manual Harness Summary:
Complete - 1 successfully verified harnesses, 0 failures, 1 total.
  -> PASS (8s)
[153/415] Running: proof_funding_sign_and_floor

Manual Harness Summary:
Complete - 1 successfully verified harnesses, 0 failures, 1 total.
  -> PASS (18s)
[154/415] Running: proof_funding_skip_zero_oi_both

Manual Harness Summary:
Complete - 1 successfully verified harnesses, 0 failures, 1 total.
  -> PASS (8s)
[155/415] Running: proof_funding_skip_zero_oi_long

Manual Harness Summary:
Complete - 1 successfully verified harnesses, 0 failures, 1 total.
  -> PASS (9s)
[156/415] Running: proof_funding_skip_zero_oi_short

Manual Harness Summary:
Complete - 1 successfully verified harnesses, 0 failures, 1 total.
  -> PASS (8s)
[157/415] Running: proof_funding_substep_large_dt

Manual Harness Summary:
Complete - 1 successfully verified harnesses, 0 failures, 1 total.
  -> PASS (10s)
[158/415] Running: proof_g4_drain_only_blocks_oi_increase

Manual Harness Summary:
Complete - 1 successfully verified harnesses, 0 failures, 1 total.
  -> PASS (19s)
[159/415] Running: proof_goal23_deposit_no_insurance_draw

Manual Harness Summary:
Complete - 1 successfully verified harnesses, 0 failures, 1 total.
  -> PASS (11s)
[160/415] Running: proof_goal27_finalize_path_independent

Manual Harness Summary:
Complete - 1 successfully verified harnesses, 0 failures, 1 total.
  -> PASS (101s)
[161/415] Running: proof_goal5_no_same_trade_bootstrap

Manual Harness Summary:
Complete - 1 successfully verified harnesses, 0 failures, 1 total.
  -> PASS (22s)
[162/415] Running: proof_goal7_pending_merge_max_horizon

Manual Harness Summary:
Complete - 1 successfully verified harnesses, 0 failures, 1 total.
  -> PASS (9s)
[163/415] Running: proof_haircut_mul_div_conservative

Manual Harness Summary:
Complete - 1 successfully verified harnesses, 0 failures, 1 total.
  -> PASS (5s)
[164/415] Running: proof_haircut_ratio_no_division_by_zero

Manual Harness Summary:
Complete - 1 successfully verified harnesses, 0 failures, 1 total.
  -> PASS (4s)
[165/415] Running: proof_healthy_hmin_zero_lane_is_not_raised_to_cfg_min

Manual Harness Summary:
Complete - 1 successfully verified harnesses, 0 failures, 1 total.
  -> PASS (3s)
[166/415] Running: proof_insurance_reward_credit_blocks_active_close_or_negative_pnl_on_prod_code

Manual Harness Summary:
Complete - 1 successfully verified harnesses, 0 failures, 1 total.
  -> PASS (20s)
[167/415] Running: proof_insurance_reward_credit_fails_closed_under_reconciliation_on_prod_code

Manual Harness Summary:
Complete - 1 successfully verified harnesses, 0 failures, 1 total.
  -> PASS (27s)
[168/415] Running: proof_junior_profit_backing

Manual Harness Summary:
Complete - 1 successfully verified harnesses, 0 failures, 1 total.
  -> PASS (4s)
[169/415] Running: proof_k_pair_variant_sign_and_rounding

Manual Harness Summary:
Complete - 1 successfully verified harnesses, 0 failures, 1 total.
  -> PASS (49s)
[170/415] Running: proof_k_pair_variant_zero_diff

Manual Harness Summary:
Complete - 1 successfully verified harnesses, 0 failures, 1 total.
  -> PASS (8s)
[171/415] Running: proof_keeper_crank_accepts_negative_boundary_funding_rate_on_prod_code

Manual Harness Summary:
Complete - 1 successfully verified harnesses, 0 failures, 1 total.
  -> PASS (14s)
[172/415] Running: proof_keeper_crank_accepts_positive_boundary_funding_rate_on_prod_code

Manual Harness Summary:
Complete - 1 successfully verified harnesses, 0 failures, 1 total.
  -> PASS (14s)
[173/415] Running: proof_keeper_crank_decreases_live_catchup_rank_on_prod_code

Manual Harness Summary:
Complete - 1 successfully verified harnesses, 0 failures, 1 total.
  -> PASS (23s)
[174/415] Running: proof_keeper_crank_invalid_partial_no_action

Manual Harness Summary:
Complete - 1 successfully verified harnesses, 0 failures, 1 total.
  -> PASS (23s)
[175/415] Running: proof_keeper_hint_fullclose_passthrough

Manual Harness Summary:
Complete - 1 successfully verified harnesses, 0 failures, 1 total.
  -> PASS (7s)
[176/415] Running: proof_keeper_hint_none_returns_none

Manual Harness Summary:
Complete - 1 successfully verified harnesses, 0 failures, 1 total.
  -> PASS (7s)
[177/415] Running: proof_keeper_rejects_funding_rate_above_config_before_state_mutation_on_prod_code

Manual Harness Summary:
Complete - 1 successfully verified harnesses, 0 failures, 1 total.
  -> PASS (8s)
[178/415] Running: proof_keeper_reset_lifecycle_last_stale_triggers_finalize

Manual Harness Summary:
Complete - 1 successfully verified harnesses, 0 failures, 1 total.
  -> PASS (8s)
[179/415] Running: proof_liquidate_missing_account_no_market_mutation

Manual Harness Summary:
Complete - 1 successfully verified harnesses, 0 failures, 1 total.
  -> PASS (7s)
[180/415] Running: proof_liquidation_fee_shortfall_is_not_socialized_through_b

Manual Harness Summary:
Complete - 1 successfully verified harnesses, 0 failures, 1 total.
  -> PASS (3s)
[181/415] Running: proof_liquidation_policy_validity

Manual Harness Summary:
Complete - 1 successfully verified harnesses, 0 failures, 1 total.
  -> PASS (172s)
[182/415] Running: proof_live_insurance_withdraw_blocks_active_close_or_negative_pnl_on_prod_code

Manual Harness Summary:
Complete - 1 successfully verified harnesses, 0 failures, 1 total.
  -> PASS (16s)
[183/415] Running: proof_live_insurance_withdraw_fails_closed_when_exposed_or_reconciling_on_prod_code

Manual Harness Summary:
Complete - 1 successfully verified harnesses, 0 failures, 1 total.
  -> PASS (36s)
[184/415] Running: proof_live_phase2_honest_scan_reduces_cursor_rank_or_rate_limited_boundary

Manual Harness Summary:
Complete - 1 successfully verified harnesses, 0 failures, 1 total.
  -> PASS (7s)
[185/415] Running: proof_live_touch_decreases_account_b_rank_on_prod_code

Manual Harness Summary:
Complete - 1 successfully verified harnesses, 0 failures, 1 total.
  -> PASS (32s)
[186/415] Running: proof_loose_b_chunk_formula_has_overflow_counterexample

Manual Harness Summary:
Complete - 1 successfully verified harnesses, 0 failures, 1 total.
  -> PASS (3s)
[187/415] Running: proof_min_liq_abs_does_not_block_liquidation

Manual Harness Summary:
Complete - 1 successfully verified harnesses, 0 failures, 1 total.
  -> PASS (3s)
[188/415] Running: proof_multiple_deposits_aggregate_correctly

Manual Harness Summary:
Complete - 1 successfully verified harnesses, 0 failures, 1 total.
  -> PASS (11s)
[189/415] Running: proof_notional_flat_is_zero

Manual Harness Summary:
Complete - 1 successfully verified harnesses, 0 failures, 1 total.
  -> PASS (5s)
[190/415] Running: proof_notional_scales_with_price

Manual Harness Summary:
Complete - 1 successfully verified harnesses, 0 failures, 1 total.
  -> PASS (19s)
[191/415] Running: proof_oracle_or_target_unavailable_policy_recovery_fails_closed_in_engine

Manual Harness Summary:
Complete - 1 successfully verified harnesses, 0 failures, 1 total.
  -> PASS (12s)
[192/415] Running: proof_partial_liq_health_check_mandatory

Manual Harness Summary:
Complete - 1 successfully verified harnesses, 0 failures, 1 total.
  -> PASS (10s)
[193/415] Running: proof_partial_liquidation_can_succeed

Manual Harness Summary:
Complete - 1 successfully verified harnesses, 0 failures, 1 total.
  -> PASS (22s)
[194/415] Running: proof_partial_liquidation_remainder_nonzero

Manual Harness Summary:
Complete - 1 successfully verified harnesses, 0 failures, 1 total.
  -> PASS (22s)
[195/415] Running: proof_permissionless_account_b_dispatch_flat_account_falls_through_on_prod_code

Manual Harness Summary:
Complete - 1 successfully verified harnesses, 0 failures, 1 total.
  -> PASS (14s)
[196/415] Running: proof_permissionless_account_b_dispatch_returns_progress_for_hinted_blocker_on_prod_code

Manual Harness Summary:
Complete - 1 successfully verified harnesses, 0 failures, 1 total.
  -> PASS (301s)
[197/415] Running: proof_permissionless_account_b_progress_flat_account_is_noop_on_prod_code

Manual Harness Summary:
Complete - 1 successfully verified harnesses, 0 failures, 1 total.
  -> PASS (14s)
[198/415] Running: proof_permissionless_account_b_progress_reduces_hinted_account_b_rank_on_prod_code

Manual Harness Summary:
Complete - 1 successfully verified harnesses, 0 failures, 1 total.
  -> PASS (135s)
[199/415] Running: proof_permissionless_blocked_segment_recovery_uses_engine_price_not_raw_target

Manual Harness Summary:
Complete - 1 successfully verified harnesses, 0 failures, 1 total.
  -> PASS (16s)
[200/415] Running: proof_permissionless_p_last_recovery_uses_engine_price_not_raw_target

Manual Harness Summary:
Complete - 1 successfully verified harnesses, 0 failures, 1 total.
  -> PASS (12s)
[201/415] Running: proof_permissionless_progress_dispatcher_decreases_active_close_rank_on_prod_code

Manual Harness Summary:
Complete - 1 successfully verified harnesses, 0 failures, 1 total.
  -> PASS (27s)
[202/415] Running: proof_permissionless_progress_dispatcher_decreases_live_catchup_rank_on_prod_code

Manual Harness Summary:
Complete - 1 successfully verified harnesses, 0 failures, 1 total.
  -> PASS (37s)
[203/415] Running: proof_permissionless_progress_dispatcher_recovers_b_headroom_blocker_on_prod_code

Manual Harness Summary:
Complete - 1 successfully verified harnesses, 0 failures, 1 total.
  -> PASS (20s)
[204/415] Running: proof_permissionless_progress_dispatcher_recovers_b_index_headroom_on_prod_code

Manual Harness Summary:
Complete - 1 successfully verified harnesses, 0 failures, 1 total.
  -> PASS (21s)
[205/415] Running: proof_permissionless_progress_dispatcher_recovers_below_progress_floor_on_prod_code

Manual Harness Summary:
Complete - 1 successfully verified harnesses, 0 failures, 1 total.
  -> PASS (37s)
[206/415] Running: proof_permissionless_progress_dispatcher_recovers_blocked_segment_on_prod_code

Manual Harness Summary:
Complete - 1 successfully verified harnesses, 0 failures, 1 total.
  -> PASS (57s)
[207/415] Running: proof_permissionless_progress_dispatcher_recovers_counter_or_epoch_overflow_on_prod_code

Manual Harness Summary:
Complete - 1 successfully verified harnesses, 0 failures, 1 total.
  -> PASS (56s)
[208/415] Running: proof_permissionless_progress_dispatcher_recovers_exhausted_active_close_on_prod_code

Manual Harness Summary:
Complete - 1 successfully verified harnesses, 0 failures, 1 total.
  -> PASS (15s)
[209/415] Running: proof_permissionless_progress_dispatcher_recovers_explicit_loss_overflow_on_prod_code

Manual Harness Summary:
Complete - 1 successfully verified harnesses, 0 failures, 1 total.
  -> PASS (15s)
[210/415] Running: proof_permissionless_progress_dispatcher_reduces_live_catchup_rank_on_prod_code

Manual Harness Summary:
Complete - 1 successfully verified harnesses, 0 failures, 1 total.
  -> PASS (37s)
[211/415] Running: proof_permissionless_progress_dispatcher_reduces_resolved_blocker_rank_on_prod_code

Manual Harness Summary:
Complete - 1 successfully verified harnesses, 0 failures, 1 total.
  -> PASS (22s)
[212/415] Running: proof_permissionless_progress_flat_account_b_hint_falls_through_to_cursor_progress_on_prod_code

Manual Harness Summary:
Complete - 1 successfully verified harnesses, 0 failures, 1 total.
  -> PASS (47s)
[213/415] Running: proof_permissionless_progress_missing_account_hint_does_not_block_cursor_progress_on_prod_code

Manual Harness Summary:
Complete - 1 successfully verified harnesses, 0 failures, 1 total.
  -> PASS (27s)
[214/415] Running: proof_permissionless_progress_out_of_capacity_hint_does_not_block_cursor_progress_on_prod_code

Manual Harness Summary:
Complete - 1 successfully verified harnesses, 0 failures, 1 total.
  -> PASS (27s)
[215/415] Running: proof_permissionless_progress_resolved_mode_ignores_account_hint_on_prod_code

Manual Harness Summary:
Complete - 1 successfully verified harnesses, 0 failures, 1 total.
  -> PASS (24s)
[216/415] Running: proof_permissionless_progress_resolved_progress_only_makes_account_fee_current_on_prod_code

Manual Harness Summary:
Complete - 1 successfully verified harnesses, 0 failures, 1 total.
  -> PASS (25s)
[217/415] Running: proof_phantom_dust_drain_no_revert

Manual Harness Summary:
Complete - 1 successfully verified harnesses, 0 failures, 1 total.
  -> PASS (5s)
[218/415] Running: proof_phase2_missing_slot_scan_progress_or_rate_limited_boundary

Manual Harness Summary:
Complete - 1 successfully verified harnesses, 0 failures, 1 total.
  -> PASS (6s)
[219/415] Running: proof_position_closed_phase_preserves_public_exposure_invariants

Manual Harness Summary:
Complete - 1 successfully verified harnesses, 0 failures, 1 total.
  -> PASS (3s)
[220/415] Running: proof_positive_conversion_denominator

Manual Harness Summary:
Complete - 1 successfully verified harnesses, 0 failures, 1 total.
  -> PASS (8s)
[221/415] Running: proof_production_account_b_chunk_advances_and_bounds_loss

Manual Harness Summary:
Complete - 1 successfully verified harnesses, 0 failures, 1 total.
  -> PASS (69s)
[222/415] Running: proof_production_b_residual_booking_or_recording_accounts_for_full_deficit

Manual Harness Summary:
Complete - 1 successfully verified harnesses, 0 failures, 1 total.
  -> PASS (20s)
[223/415] Running: proof_property_23_deposit_materialization_threshold

Manual Harness Summary:
Complete - 1 successfully verified harnesses, 0 failures, 1 total.
  -> PASS (12s)
[224/415] Running: proof_property_26_maintenance_vs_im_dual_equity

Manual Harness Summary:
Complete - 1 successfully verified harnesses, 0 failures, 1 total.
  -> PASS (17s)
[225/415] Running: proof_property_31_keeper_candidate_does_not_materialize_missing_account_on_prod_code

Manual Harness Summary:
Complete - 1 successfully verified harnesses, 0 failures, 1 total.
  -> PASS (14s)
[226/415] Running: proof_property_31_liquidate_rejects_missing_account_on_prod_code

Manual Harness Summary:
Complete - 1 successfully verified harnesses, 0 failures, 1 total.
  -> PASS (7s)
[227/415] Running: proof_property_31_settle_rejects_missing_account_on_prod_code

Manual Harness Summary:
Complete - 1 successfully verified harnesses, 0 failures, 1 total.
  -> PASS (7s)
[228/415] Running: proof_property_31_trade_rejects_missing_party_a_on_prod_code

Manual Harness Summary:
Complete - 1 successfully verified harnesses, 0 failures, 1 total.
  -> PASS (8s)
[229/415] Running: proof_property_31_trade_rejects_missing_party_b_on_prod_code

Manual Harness Summary:
Complete - 1 successfully verified harnesses, 0 failures, 1 total.
  -> PASS (7s)
[230/415] Running: proof_property_31_withdraw_rejects_missing_account_on_prod_code

Manual Harness Summary:
Complete - 1 successfully verified harnesses, 0 failures, 1 total.
  -> PASS (7s)
[231/415] Running: proof_property_3_oracle_manipulation_haircut_safety

Manual Harness Summary:
Complete - 1 successfully verified harnesses, 0 failures, 1 total.
  -> PASS (17s)
[232/415] Running: proof_property_43_k_pair_chronology_correctness

Manual Harness Summary:
Complete - 1 successfully verified harnesses, 0 failures, 1 total.
  -> PASS (16s)
[233/415] Running: proof_property_44_deposit_true_flat_guard

Manual Harness Summary:
Complete - 1 successfully verified harnesses, 0 failures, 1 total.
  -> PASS (15s)
[234/415] Running: proof_property_49_profit_conversion_reserve_preservation

Manual Harness Summary:
Complete - 1 successfully verified harnesses, 0 failures, 1 total.
  -> PASS (11s)
[235/415] Running: proof_property_50_flat_only_auto_conversion

Manual Harness Summary:
Complete - 1 successfully verified harnesses, 0 failures, 1 total.
  -> PASS (22s)
[236/415] Running: proof_property_51_withdraw_any_partial_ok

Manual Harness Summary:
Complete - 1 successfully verified harnesses, 0 failures, 1 total.
  -> PASS (68s)
[237/415] Running: proof_property_52_convert_released_pnl_instruction

Manual Harness Summary:
Complete - 1 successfully verified harnesses, 0 failures, 1 total.
  -> PASS (26s)
[238/415] Running: proof_property_56_raw_initial_margin_predicate_rejects_min_floor_shortfall_on_prod_code

Manual Harness Summary:
Complete - 1 successfully verified harnesses, 0 failures, 1 total.
  -> PASS (5s)
[239/415] Running: proof_property_56_trade_margin_gate_rejects_raw_im_shortfall_on_prod_code

Manual Harness Summary:
Complete - 1 successfully verified harnesses, 0 failures, 1 total.
  -> PASS (5s)
[240/415] Running: proof_protected_principal

Manual Harness Summary:
Complete - 1 successfully verified harnesses, 0 failures, 1 total.
  -> PASS (33s)
[241/415] Running: proof_public_instruction_work_is_bounded_not_whole_market

Manual Harness Summary:
Complete - 1 successfully verified harnesses, 0 failures, 1 total.
  -> PASS (3s)
[242/415] Running: proof_public_user_fund_profile_requires_crankforward_recovery_and_chunk_caps

Manual Harness Summary:
Complete - 1 successfully verified harnesses, 0 failures, 1 total.
  -> PASS (3s)
[243/415] Running: proof_reclaim_empty_account_reclaims_drained_accounts

Manual Harness Summary:
Complete - 1 successfully verified harnesses, 0 failures, 1 total.
  -> PASS (11s)
[244/415] Running: proof_reclaim_empty_fee_credit_policy

Manual Harness Summary:
Complete - 1 successfully verified harnesses, 0 failures, 1 total.
  -> PASS (17s)
[245/415] Running: proof_reclaim_rejects_negative_pnl

Manual Harness Summary:
Complete - 1 successfully verified harnesses, 0 failures, 1 total.
  -> PASS (8s)
[246/415] Running: proof_reconcile_resolved_settles_account_b_stale_position_on_prod_code

Manual Harness Summary:
Complete - 1 successfully verified harnesses, 0 failures, 1 total.
  -> PASS (37s)
[247/415] Running: proof_recovery_price_uses_authenticated_price_or_non_forced_p_last_fallback

Manual Harness Summary:
Complete - 1 successfully verified harnesses, 0 failures, 1 total.
  -> PASS (3s)
[248/415] Running: proof_residual_b_booking_uses_engine_determined_chunk_not_caller_smaller

Manual Harness Summary:
Complete - 1 successfully verified harnesses, 0 failures, 1 total.
  -> PASS (3s)
[249/415] Running: proof_resolved_close_cannot_terminal_close_until_account_b_current

Manual Harness Summary:
Complete - 1 successfully verified harnesses, 0 failures, 1 total.
  -> PASS (3s)
[250/415] Running: proof_resolved_cursor_close_unblocks_winner_on_prod_code

Manual Harness Summary:
Complete - 1 successfully verified harnesses, 0 failures, 1 total.
  -> PASS (63s)
[251/415] Running: proof_resolved_cursor_missing_slots_advance_on_prod_code

Manual Harness Summary:
Complete - 1 successfully verified harnesses, 0 failures, 1 total.
  -> PASS (7s)
[252/415] Running: proof_resolved_insurance_withdraw_requires_empty_market_and_drains_only_insurance_on_prod_code

Manual Harness Summary:
Complete - 1 successfully verified harnesses, 0 failures, 1 total.
  -> PASS (17s)
[253/415] Running: proof_resolved_terminal_close_rejects_account_b_stale_position_on_prod_code

Manual Harness Summary:
Complete - 1 successfully verified harnesses, 0 failures, 1 total.
  -> PASS (13s)
[254/415] Running: proof_risk_reducing_exemption_path

Manual Harness Summary:
Complete - 1 successfully verified harnesses, 0 failures, 1 total.
  -> PASS (23s)
[255/415] Running: proof_set_capital_maintains_c_tot

Manual Harness Summary:
Complete - 1 successfully verified harnesses, 0 failures, 1 total.
  -> PASS (8s)
[256/415] Running: proof_set_owner_rejects_claimed

Manual Harness Summary:
Complete - 1 successfully verified harnesses, 0 failures, 1 total.
  -> PASS (7s)
[257/415] Running: proof_set_pnl_clamps_reserved_pnl

Manual Harness Summary:
Complete - 1 successfully verified harnesses, 0 failures, 1 total.
  -> PASS (6s)
[258/415] Running: proof_set_pnl_maintains_pnl_pos_tot

Manual Harness Summary:
Complete - 1 successfully verified harnesses, 0 failures, 1 total.
  -> PASS (19s)
[259/415] Running: proof_set_pnl_rejects_i128_min

Manual Harness Summary:
Complete - 1 successfully verified harnesses, 0 failures, 1 total.
  -> PASS (4s)
[260/415] Running: proof_set_pnl_underflow_safety

Manual Harness Summary:
Complete - 1 successfully verified harnesses, 0 failures, 1 total.
  -> PASS (7s)
[261/415] Running: proof_set_position_basis_q_count_tracking

Manual Harness Summary:
Complete - 1 successfully verified harnesses, 0 failures, 1 total.
  -> PASS (61s)
[262/415] Running: proof_settle_epoch_snap_zero_on_truncation

Manual Harness Summary:
Complete - 1 successfully verified harnesses, 0 failures, 1 total.
  -> PASS (14s)
[263/415] Running: proof_side_mode_gating

Manual Harness Summary:
Complete - 1 successfully verified harnesses, 0 failures, 1 total.
  -> PASS (5s)
[264/415] Running: proof_sign_flip_trade_conserves

Manual Harness Summary:
Complete - 1 successfully verified harnesses, 0 failures, 1 total.
  -> PASS (22s)
[265/415] Running: proof_solvent_flat_close_succeeds

Manual Harness Summary:
Complete - 1 successfully verified harnesses, 0 failures, 1 total.
  -> PASS (24s)
[266/415] Running: proof_symbolic_margin_enforcement_on_reduce

Manual Harness Summary:
Complete - 1 successfully verified harnesses, 0 failures, 1 total.
  -> PASS (26s)
[267/415] Running: proof_top_up_insurance_now_slot

Manual Harness Summary:
Complete - 1 successfully verified harnesses, 0 failures, 1 total.
  -> PASS (15s)
[268/415] Running: proof_top_up_insurance_preserves_conservation

Manual Harness Summary:
Complete - 1 successfully verified harnesses, 0 failures, 1 total.
  -> PASS (7s)
[269/415] Running: proof_top_up_insurance_rejects_stale_slot

Manual Harness Summary:
Complete - 1 successfully verified harnesses, 0 failures, 1 total.
  -> PASS (5s)
[270/415] Running: proof_touch_oob_returns_error

Manual Harness Summary:
Complete - 1 successfully verified harnesses, 0 failures, 1 total.
  -> PASS (8s)
[271/415] Running: proof_touch_unused_returns_error

Manual Harness Summary:
Complete - 1 successfully verified harnesses, 0 failures, 1 total.
  -> PASS (9s)
[272/415] Running: proof_trade_no_crank_gate

Manual Harness Summary:
Complete - 1 successfully verified harnesses, 0 failures, 1 total.
  -> PASS (15s)
[273/415] Running: proof_trade_pnl_is_zero_sum_algebraic

Manual Harness Summary:
Complete - 1 successfully verified harnesses, 0 failures, 1 total.
  -> PASS (11s)
[274/415] Running: proof_trading_loss_seniority

Manual Harness Summary:
Complete - 1 successfully verified harnesses, 0 failures, 1 total.
  -> PASS (4s)
[275/415] Running: proof_two_bucket_loss_newest_first

Manual Harness Summary:
Complete - 1 successfully verified harnesses, 0 failures, 1 total.
  -> PASS (8s)
[276/415] Running: proof_two_bucket_pending_non_maturity

Manual Harness Summary:
Complete - 1 successfully verified harnesses, 0 failures, 1 total.
  -> PASS (9s)
[277/415] Running: proof_two_bucket_reserve_sum_after_append

Manual Harness Summary:
Complete - 1 successfully verified harnesses, 0 failures, 1 total.
  -> PASS (8s)
[278/415] Running: proof_two_bucket_scheduled_timing

Manual Harness Summary:
Complete - 1 successfully verified harnesses, 0 failures, 1 total.
  -> PASS (21s)
[279/415] Running: proof_unilateral_empty_orphan_reset

Manual Harness Summary:
Complete - 1 successfully verified harnesses, 0 failures, 1 total.
  -> PASS (4s)
[280/415] Running: proof_v1126_min_nonzero_margin_floor

Manual Harness Summary:
Complete - 1 successfully verified harnesses, 0 failures, 1 total.
  -> PASS (10s)
[281/415] Running: proof_v1126_risk_reducing_fee_neutral

Manual Harness Summary:
Complete - 1 successfully verified harnesses, 0 failures, 1 total.
  -> PASS (9s)
[282/415] Running: proof_validate_hint_preflight_conservative

Manual Harness Summary:
Complete - 1 successfully verified harnesses, 0 failures, 1 total.
  -> PASS (182s)
[283/415] Running: proof_validate_hint_preflight_oracle_shift

Manual Harness Summary:
Complete - 1 successfully verified harnesses, 0 failures, 1 total.
  -> PASS (449s)
[284/415] Running: proof_warmup_release_bounded_by_reserved

Manual Harness Summary:
Complete - 1 successfully verified harnesses, 0 failures, 1 total.
  -> PASS (8s)
[285/415] Running: proof_weight_change_flushes_global_b_remainder

Manual Harness Summary:
Complete - 1 successfully verified harnesses, 0 failures, 1 total.
  -> PASS (3s)
[286/415] Running: proof_wide_signed_mul_div_floor_sign_and_rounding

Manual Harness Summary:
Complete - 1 successfully verified harnesses, 0 failures, 1 total.
  -> PASS (74s)
[287/415] Running: proof_wide_signed_mul_div_floor_zero_inputs

Manual Harness Summary:
Complete - 1 successfully verified harnesses, 0 failures, 1 total.
  -> PASS (4s)
[288/415] Running: proof_withdraw_no_crank_gate

Manual Harness Summary:
Complete - 1 successfully verified harnesses, 0 failures, 1 total.
  -> PASS (66s)
[289/415] Running: proof_withdraw_simulation_preserves_residual

Manual Harness Summary:
Complete - 1 successfully verified harnesses, 0 failures, 1 total.
  -> PASS (5s)
[290/415] Running: proof_zero_effective_member_blocks_future_b_booking

Manual Harness Summary:
Complete - 1 successfully verified harnesses, 0 failures, 1 total.
  -> PASS (3s)
[291/415] Running: prop_conservation_holds_after_all_ops

Manual Harness Summary:
Complete - 1 successfully verified harnesses, 0 failures, 1 total.
  -> PASS (20s)
[292/415] Running: prop_pnl_pos_tot_agrees_with_recompute

Manual Harness Summary:
Complete - 1 successfully verified harnesses, 0 failures, 1 total.
  -> PASS (12s)
[293/415] Running: rs1_validate_rejects_reserved_exceeding_pos_pnl

Manual Harness Summary:
Complete - 1 successfully verified harnesses, 0 failures, 1 total.
  -> PASS (5s)
[294/415] Running: rs2_admit_outstanding_rejects_bucket_sum_mismatch

Manual Harness Summary:
Complete - 1 successfully verified harnesses, 0 failures, 1 total.
  -> PASS (4s)
[295/415] Running: rs3_apply_reserve_loss_rejects_malformed_queue

Manual Harness Summary:
Complete - 1 successfully verified harnesses, 0 failures, 1 total.
  -> PASS (5s)
[296/415] Running: rs4_warmup_rejects_malformed_pending_before_promotion

Manual Harness Summary:
Complete - 1 successfully verified harnesses, 0 failures, 1 total.
  -> PASS (4s)
[297/415] Running: t0_1_floor_div_signed_conservative_is_floor

Manual Harness Summary:
Complete - 1 successfully verified harnesses, 0 failures, 1 total.
  -> PASS (53s)
[298/415] Running: t0_1_sat_negative_with_remainder

Manual Harness Summary:
Complete - 1 successfully verified harnesses, 0 failures, 1 total.
  -> PASS (41s)
[299/415] Running: t0_2_mul_div_ceil_algebraic_identity

Manual Harness Summary:
Complete - 1 successfully verified harnesses, 0 failures, 1 total.
  -> PASS (55s)
[300/415] Running: t0_2_mul_div_floor_algebraic_identity

Manual Harness Summary:
Complete - 1 successfully verified harnesses, 0 failures, 1 total.
  -> PASS (27s)
[301/415] Running: t0_2c_mul_div_floor_matches_reference

Manual Harness Summary:
Complete - 1 successfully verified harnesses, 0 failures, 1 total.
  -> PASS (13s)
[302/415] Running: t0_2d_mul_div_ceil_matches_reference

Manual Harness Summary:
Complete - 1 successfully verified harnesses, 0 failures, 1 total.
  -> PASS (12s)
[303/415] Running: t0_3_sat_all_sign_transitions

Manual Harness Summary:
Complete - 1 successfully verified harnesses, 0 failures, 1 total.
  -> PASS (18s)
[304/415] Running: t0_3_set_pnl_aggregate_exact

Manual Harness Summary:
Complete - 1 successfully verified harnesses, 0 failures, 1 total.
  -> PASS (18s)
[305/415] Running: t0_4_conservation_check_handles_overflow

Manual Harness Summary:
Complete - 1 successfully verified harnesses, 0 failures, 1 total.
  -> PASS (4s)
[306/415] Running: t0_4_fee_debt_i128_min

Manual Harness Summary:
Complete - 1 successfully verified harnesses, 0 failures, 1 total.
  -> PASS (3s)
[307/415] Running: t0_4_fee_debt_no_overflow

Manual Harness Summary:
Complete - 1 successfully verified harnesses, 0 failures, 1 total.
  -> PASS (2s)
[308/415] Running: t0_4_saturating_mul_no_panic

Manual Harness Summary:
Complete - 1 successfully verified harnesses, 0 failures, 1 total.
  -> PASS (7s)
[309/415] Running: t10_37_accrue_mark_matches_eager

Manual Harness Summary:
Complete - 1 successfully verified harnesses, 0 failures, 1 total.
  -> PASS (34s)
[310/415] Running: t10_38_accrue_funding_payer_driven

Manual Harness Summary:
Complete - 1 successfully verified harnesses, 0 failures, 1 total.
  -> PASS (25s)
[311/415] Running: t11_39_same_epoch_settle_idempotent_real_engine

Manual Harness Summary:
Complete - 1 successfully verified harnesses, 0 failures, 1 total.
  -> PASS (2s)
[312/415] Running: t11_40_non_compounding_quantity_basis_two_touches

Manual Harness Summary:
Complete - 1 successfully verified harnesses, 0 failures, 1 total.
  -> PASS (1s)
[313/415] Running: t11_41_attach_effective_position_remainder_accounting

Manual Harness Summary:
Complete - 1 successfully verified harnesses, 0 failures, 1 total.
  -> PASS (12s)
[314/415] Running: t11_42_dynamic_dust_bound_inductive

Manual Harness Summary:
Complete - 1 successfully verified harnesses, 0 failures, 1 total.
  -> PASS (29s)
[315/415] Running: t11_43_end_instruction_auto_finalizes_ready_side

Manual Harness Summary:
Complete - 1 successfully verified harnesses, 0 failures, 1 total.
  -> PASS (4s)
[316/415] Running: t11_44_trade_path_reopens_ready_reset_side

Manual Harness Summary:
Complete - 1 successfully verified harnesses, 0 failures, 1 total.
  -> PASS (4s)
[317/415] Running: t11_46_enqueue_adl_k_add_overflow_still_routes_quantity

Manual Harness Summary:
Complete - 1 successfully verified harnesses, 0 failures, 1 total.
  -> PASS (5s)
[318/415] Running: t11_47_precision_exhaustion_terminal_drain

Manual Harness Summary:
Complete - 1 successfully verified harnesses, 0 failures, 1 total.
  -> PASS (5s)
[319/415] Running: t11_48_bankruptcy_liquidation_routes_q_when_D_zero

Manual Harness Summary:
Complete - 1 successfully verified harnesses, 0 failures, 1 total.
  -> PASS (5s)
[320/415] Running: t11_49_pure_pnl_bankruptcy_path

Manual Harness Summary:
Complete - 1 successfully verified harnesses, 0 failures, 1 total.
  -> PASS (5s)
[321/415] Running: t11_50_execute_trade_atomic_oi_update_sign_flip

Manual Harness Summary:
Complete - 1 successfully verified harnesses, 0 failures, 1 total.
  -> PASS (11s)
[322/415] Running: t11_51_execute_trade_slippage_zero_sum

Manual Harness Summary:
Complete - 1 successfully verified harnesses, 0 failures, 1 total.
  -> PASS (3s)
[323/415] Running: t11_52_touch_account_full_restart_fee_seniority

Manual Harness Summary:
Complete - 1 successfully verified harnesses, 0 failures, 1 total.
  -> PASS (6s)
[324/415] Running: t11_53_keeper_phase1_stops_after_pending_reset_on_prod_code

Manual Harness Summary:
Complete - 1 successfully verified harnesses, 0 failures, 1 total.
  -> PASS (7s)
[325/415] Running: t11_54_worked_example_regression

Manual Harness Summary:
Complete - 1 successfully verified harnesses, 0 failures, 1 total.
  -> PASS (4s)
[326/415] Running: t12_53_adl_truncation_dust_must_not_deadlock

Manual Harness Summary:
Complete - 1 successfully verified harnesses, 0 failures, 1 total.
  -> PASS (28s)
[327/415] Running: t13_54_funding_no_mint_asymmetric_a

Manual Harness Summary:
Complete - 1 successfully verified harnesses, 0 failures, 1 total.
  -> PASS (23s)
[328/415] Running: t13_55_empty_opposing_side_deficit_fallback

Manual Harness Summary:
Complete - 1 successfully verified harnesses, 0 failures, 1 total.
  -> PASS (5s)
[329/415] Running: t13_56_unilateral_empty_orphan_resolution

Manual Harness Summary:
Complete - 1 successfully verified harnesses, 0 failures, 1 total.
  -> PASS (4s)
[330/415] Running: t13_57_unilateral_empty_corruption_guard

Manual Harness Summary:
Complete - 1 successfully verified harnesses, 0 failures, 1 total.
  -> PASS (4s)
[331/415] Running: t13_58_unilateral_empty_short_side

Manual Harness Summary:
Complete - 1 successfully verified harnesses, 0 failures, 1 total.
  -> PASS (4s)
[332/415] Running: t13_58b_unilateral_empty_short_corruption_guard

Manual Harness Summary:
Complete - 1 successfully verified harnesses, 0 failures, 1 total.
  -> PASS (4s)
[333/415] Running: t13_59_fused_delta_k_no_double_rounding

Manual Harness Summary:
Complete - 1 successfully verified harnesses, 0 failures, 1 total.
  -> PASS (3s)
[334/415] Running: t13_60_unconditional_dust_bound_on_any_a_decay

Manual Harness Summary:
Complete - 1 successfully verified harnesses, 0 failures, 1 total.
  -> PASS (5s)
[335/415] Running: t14_61_dust_bound_adl_a_truncation_sufficient

Manual Harness Summary:
Complete - 1 successfully verified harnesses, 0 failures, 1 total.
  -> PASS (14s)
[336/415] Running: t14_62_dust_bound_same_epoch_zeroing

Manual Harness Summary:
Complete - 1 successfully verified harnesses, 0 failures, 1 total.
  -> PASS (17s)
[337/415] Running: t14_63_dust_bound_position_reattach_remainder

Manual Harness Summary:
Complete - 1 successfully verified harnesses, 0 failures, 1 total.
  -> PASS (136s)
[338/415] Running: t14_64_phantom_dust_full_drain_reset_zeroes

Manual Harness Summary:
Complete - 1 successfully verified harnesses, 0 failures, 1 total.
  -> PASS (4s)
[339/415] Running: t14_65_dust_bound_end_to_end_clearance

Manual Harness Summary:
Complete - 1 successfully verified harnesses, 0 failures, 1 total.
  -> PASS (51s)
[340/415] Running: t1_7_adl_quantity_only_lazy_conservative

Manual Harness Summary:
Complete - 1 successfully verified harnesses, 0 failures, 1 total.
  -> PASS (3s)
[341/415] Running: t1_8_adl_deficit_only_lazy_equals_eager

Manual Harness Summary:
Complete - 1 successfully verified harnesses, 0 failures, 1 total.
  -> PASS (3s)
[342/415] Running: t1_8b_adl_deficit_lazy_conservative_symbolic_a_basis

Manual Harness Summary:
Complete - 1 successfully verified harnesses, 0 failures, 1 total.
  -> PASS (16s)
[343/415] Running: t1_9_adl_quantity_plus_deficit_lazy_conservative

Manual Harness Summary:
Complete - 1 successfully verified harnesses, 0 failures, 1 total.
  -> PASS (3s)
[344/415] Running: t2_12_floor_shift_lemma

Manual Harness Summary:
Complete - 1 successfully verified harnesses, 0 failures, 1 total.
  -> PASS (119s)
[345/415] Running: t2_12_fold_step_case

Manual Harness Summary:
Complete - 1 successfully verified harnesses, 0 failures, 1 total.
  -> PASS (3s)
[346/415] Running: t2_14_compose_mark_adl_mark

Manual Harness Summary:
Complete - 1 successfully verified harnesses, 0 failures, 1 total.
  -> PASS (11s)
[347/415] Running: t3_14_epoch_mismatch_forces_terminal_close

Manual Harness Summary:
Complete - 1 successfully verified harnesses, 0 failures, 1 total.
  -> PASS (404s)
[348/415] Running: t3_14b_epoch_mismatch_with_nonzero_k_diff

Manual Harness Summary:
Complete - 1 successfully verified harnesses, 0 failures, 1 total.
  -> PASS (87s)
[349/415] Running: t3_16_reset_pending_counter_invariant

Manual Harness Summary:
Complete - 1 successfully verified harnesses, 0 failures, 1 total.
  -> PASS (282s)
[350/415] Running: t3_16b_reset_counter_with_nonzero_k_diff

Manual Harness Summary:
Complete - 1 successfully verified harnesses, 0 failures, 1 total.
  -> PASS (304s)
[351/415] Running: t3_17_clean_empty_engine_no_retrigger

Manual Harness Summary:
Complete - 1 successfully verified harnesses, 0 failures, 1 total.
  -> PASS (4s)
[352/415] Running: t3_18_phantom_dust_reset_in_begin_full_drain

Manual Harness Summary:
Complete - 1 successfully verified harnesses, 0 failures, 1 total.
  -> PASS (4s)
[353/415] Running: t3_19_finalize_side_reset_requires_all_stale_touched

Manual Harness Summary:
Complete - 1 successfully verified harnesses, 0 failures, 1 total.
  -> PASS (4s)
[354/415] Running: t4_17_enqueue_adl_preserves_oi_balance_qty_only

Manual Harness Summary:
Complete - 1 successfully verified harnesses, 0 failures, 1 total.
  -> PASS (3s)
[355/415] Running: t4_18_precision_exhaustion_both_sides_reset

Manual Harness Summary:
Complete - 1 successfully verified harnesses, 0 failures, 1 total.
  -> PASS (5s)
[356/415] Running: t4_19_full_drain_terminal_b_books_deficit_identity

Manual Harness Summary:
Complete - 1 successfully verified harnesses, 0 failures, 1 total.
  -> PASS (6s)
[357/415] Running: t4_20_bankruptcy_qty_routes_when_d_zero

Manual Harness Summary:
Complete - 1 successfully verified harnesses, 0 failures, 1 total.
  -> PASS (3s)
[358/415] Running: t4_21_precision_exhaustion_zeroes_both_sides

Manual Harness Summary:
Complete - 1 successfully verified harnesses, 0 failures, 1 total.
  -> PASS (5s)
[359/415] Running: t4_22_k_overflow_routes_to_absorb

Manual Harness Summary:
Complete - 1 successfully verified harnesses, 0 failures, 1 total.
  -> PASS (5s)
[360/415] Running: t4_23_d_zero_routes_quantity_only

Manual Harness Summary:
Complete - 1 successfully verified harnesses, 0 failures, 1 total.
  -> PASS (5s)
[361/415] Running: t5_21_local_floor_quantity_error_bounded

Manual Harness Summary:
Complete - 1 successfully verified harnesses, 0 failures, 1 total.
  -> PASS (3s)
[362/415] Running: t5_21_pnl_rounding_conservative

Manual Harness Summary:
Complete - 1 successfully verified harnesses, 0 failures, 1 total.
  -> PASS (3s)
[363/415] Running: t5_22_phantom_dust_total_bound

Manual Harness Summary:
Complete - 1 successfully verified harnesses, 0 failures, 1 total.
  -> PASS (3s)
[364/415] Running: t5_23_dust_clearance_guard_safe

Manual Harness Summary:
Complete - 1 successfully verified harnesses, 0 failures, 1 total.
  -> PASS (3s)
[365/415] Running: t5_24_dynamic_dust_bound_sufficient

Manual Harness Summary:
Complete - 1 successfully verified harnesses, 0 failures, 1 total.
  -> PASS (28s)
[366/415] Running: t6_24_worked_example_regression

Manual Harness Summary:
Complete - 1 successfully verified harnesses, 0 failures, 1 total.
  -> PASS (3s)
[367/415] Running: t6_25_pure_pnl_bankruptcy_regression

Manual Harness Summary:
Complete - 1 successfully verified harnesses, 0 failures, 1 total.
  -> PASS (3s)
[368/415] Running: t6_26_full_drain_reset_regression

Manual Harness Summary:
Complete - 1 successfully verified harnesses, 0 failures, 1 total.
  -> PASS (335s)
[369/415] Running: t6_26b_full_drain_reset_nonzero_k_diff

Manual Harness Summary:
Complete - 1 successfully verified harnesses, 0 failures, 1 total.
  -> PASS (19s)
[370/415] Running: t7_28a_noncompounding_floor_inequality_correct_direction

Manual Harness Summary:
Complete - 1 successfully verified harnesses, 0 failures, 1 total.
  -> PASS (8s)
[371/415] Running: t7_28b_noncompounding_exact_additivity_divisible_increments

Manual Harness Summary:
Complete - 1 successfully verified harnesses, 0 failures, 1 total.
  -> PASS (7s)
[372/415] Running: t9_35_warmup_release_monotone_in_time

Manual Harness Summary:
Complete - 1 successfully verified harnesses, 0 failures, 1 total.
  -> PASS (10s)
[373/415] Running: t9_36_fee_seniority_after_restart

Manual Harness Summary:
Complete - 1 successfully verified harnesses, 0 failures, 1 total.
  -> PASS (12s)
[374/415] Running: v19_accrual_consumption_only_commits_on_success

Manual Harness Summary:
Complete - 1 successfully verified harnesses, 0 failures, 1 total.
  -> PASS (5s)
[375/415] Running: v19_accrue_market_envelope_enforces_goal52_bound

Manual Harness Summary:
Complete - 1 successfully verified harnesses, 0 failures, 1 total.
  -> PASS (14s)
[376/415] Running: v19_admit_gate_none_disables_step2

Manual Harness Summary:
Complete - 1 successfully verified harnesses, 0 failures, 1 total.
  -> PASS (5s)
[377/415] Running: v19_admit_gate_some_zero_rejected

Manual Harness Summary:
Complete - 1 successfully verified harnesses, 0 failures, 1 total.
  -> PASS (3s)
[378/415] Running: v19_admit_gate_sticky_early_return

Manual Harness Summary:
Complete - 1 successfully verified harnesses, 0 failures, 1 total.
  -> PASS (4s)
[379/415] Running: v19_admit_gate_stress_lane_forces_h_max

Manual Harness Summary:
Complete - 1 successfully verified harnesses, 0 failures, 1 total.
  -> PASS (5s)
[380/415] Running: v19_bounded_stale_catchup_advances_one_segment

Manual Harness Summary:
Complete - 1 successfully verified harnesses, 0 failures, 1 total.
  -> PASS (21s)
[381/415] Running: v19_cascade_safety_gate_disabled_preserves_invariants

Manual Harness Summary:
Complete - 1 successfully verified harnesses, 0 failures, 1 total.
  -> PASS (246s)
[382/415] Running: v19_consumption_floor_below_one_bp

Manual Harness Summary:
Complete - 1 successfully verified harnesses, 0 failures, 1 total.
  -> PASS (18s)
[383/415] Running: v19_consumption_monotone_within_generation

Manual Harness Summary:
Complete - 1 successfully verified harnesses, 0 failures, 1 total.
  -> PASS (38s)
[384/415] Running: v19_equity_active_keeper_empty_rr_scan_advances_cursor_and_segment

Manual Harness Summary:
Complete - 1 successfully verified harnesses, 0 failures, 1 total.
  -> PASS (33s)
[385/415] Running: v19_equity_active_keeper_zero_progress_rejects

Manual Harness Summary:
Complete - 1 successfully verified harnesses, 0 failures, 1 total.
  -> PASS (16s)
[386/415] Running: v19_explicit_fee_rejects_flat_negative_pnl_before_loss_settlement

Manual Harness Summary:
Complete - 1 successfully verified harnesses, 0 failures, 1 total.
  -> PASS (14s)
[387/415] Running: v19_explicit_fee_rejects_nonflat_unsettled_side_effects_before_fee_draw

Manual Harness Summary:
Complete - 1 successfully verified harnesses, 0 failures, 1 total.
  -> PASS (12s)
[388/415] Running: v19_fee_sync_rejects_flat_negative_pnl_before_loss_settlement

Manual Harness Summary:
Complete - 1 successfully verified harnesses, 0 failures, 1 total.
  -> PASS (16s)
[389/415] Running: v19_fee_sync_rejects_nonflat_unsettled_side_effects_before_fee_draw

Manual Harness Summary:
Complete - 1 successfully verified harnesses, 0 failures, 1 total.
  -> PASS (9s)
[390/415] Running: v19_flat_negative_cleanup_starts_bankruptcy_hmax

Manual Harness Summary:
Complete - 1 successfully verified harnesses, 0 failures, 1 total.
  -> PASS (8s)
[391/415] Running: v19_floor_to_zero_cleanup_preserves_oi_and_adds_potential_dust

Manual Harness Summary:
Complete - 1 successfully verified harnesses, 0 failures, 1 total.
  -> PASS (10s)
[392/415] Running: v19_funding_consumption_accumulates_scaled_bps

Manual Harness Summary:
Complete - 1 successfully verified harnesses, 0 failures, 1 total.
  -> PASS (15s)
[393/415] Running: v19_generation_first_wrap_advances_on_prod_code

Manual Harness Summary:
Complete - 1 successfully verified harnesses, 0 failures, 1 total.
  -> PASS (14s)
[394/415] Running: v19_greedy_phase2_model_respects_touch_budget_and_bounds

Manual Harness Summary:
Complete - 1 successfully verified harnesses, 0 failures, 1 total.
  -> PASS (3s)
[395/415] Running: v19_loss_stale_lock_forces_hmax_admission

Manual Harness Summary:
Complete - 1 successfully verified harnesses, 0 failures, 1 total.
  -> PASS (5s)
[396/415] Running: v19_nonflat_fee_sync_anchors_at_slot_last_before_requested_future_loss_slot

Manual Harness Summary:
Complete - 1 successfully verified harnesses, 0 failures, 1 total.
  -> PASS (7s)
[397/415] Running: v19_noop_or_inactive_funding_accrual_preserves_stress_state

Manual Harness Summary:
Complete - 1 successfully verified harnesses, 0 failures, 1 total.
  -> PASS (16s)
[398/415] Running: v19_phase1_positive_pnl_use_forces_later_phase2_bankruptcy_fail_closed_on_prod_code

Manual Harness Summary:
Complete - 1 successfully verified harnesses, 0 failures, 1 total.
  -> PASS (51s)
[399/415] Running: v19_phase2_does_not_wrap_when_generation_rate_limited

Manual Harness Summary:
Complete - 1 successfully verified harnesses, 0 failures, 1 total.
  -> PASS (4s)
[400/415] Running: v19_phase2_engine_symbolic_missing_slot_progress_is_bounded

Manual Harness Summary:
Complete - 1 successfully verified harnesses, 0 failures, 1 total.
  -> PASS (10s)
[401/415] Running: v19_phase2_engine_symbolic_touch_budget_stops_after_materialized_touch

Manual Harness Summary:
Complete - 1 successfully verified harnesses, 0 failures, 1 total.
  -> PASS (10s)
[402/415] Running: v19_phase2_hmax_guard_pauses_positive_release

Manual Harness Summary:
Complete - 1 successfully verified harnesses, 0 failures, 1 total.
  -> PASS (8s)
[403/415] Running: v19_phase2_materialized_touch_counts_as_protective_progress

Manual Harness Summary:
Complete - 1 successfully verified harnesses, 0 failures, 1 total.
  -> PASS (4s)
[404/415] Running: v19_phase2_model_inductive_transition_preserves_stress_invariants

Manual Harness Summary:
Complete - 1 successfully verified harnesses, 0 failures, 1 total.
  -> PASS (3s)
[405/415] Running: v19_phase2_pretriggers_bankruptcy_hmax_before_positive_release

Manual Harness Summary:
Complete - 1 successfully verified harnesses, 0 failures, 1 total.
  -> PASS (5s)
[406/415] Running: v19_phase2_replay_latent_bankruptcy_pauses_winner_release_on_prod_code

Manual Harness Summary:
Complete - 1 successfully verified harnesses, 0 failures, 1 total.
  -> PASS (44s)
[407/415] Running: v19_reclaim_envelope_accept_within_bound

Manual Harness Summary:
Complete - 1 successfully verified harnesses, 0 failures, 1 total.
  -> PASS (8s)
[408/415] Running: v19_reclaim_envelope_rejection_is_pre_mutation

Manual Harness Summary:
Complete - 1 successfully verified harnesses, 0 failures, 1 total.
  -> PASS (7s)
[409/415] Running: v19_rr_scan_zero_no_stress_progress

Manual Harness Summary:
Complete - 1 successfully verified harnesses, 0 failures, 1 total.
  -> PASS (4s)
[410/415] Running: v19_rr_touch_zero_no_cursor_advance

Manual Harness Summary:
Complete - 1 successfully verified harnesses, 0 failures, 1 total.
  -> PASS (4s)
[411/415] Running: v19_same_slot_cursor_does_not_wrap_without_generation_advance

Manual Harness Summary:
Complete - 1 successfully verified harnesses, 0 failures, 1 total.
  -> PASS (13s)
[412/415] Running: v19_same_slot_stress_wrap_defers_generation_reset

Manual Harness Summary:
Complete - 1 successfully verified harnesses, 0 failures, 1 total.
  -> PASS (16s)
[413/415] Running: v19_speculative_hmax_does_not_mask_prior_positive_pnl_use_on_prod_code

Manual Harness Summary:
Complete - 1 successfully verified harnesses, 0 failures, 1 total.
  -> PASS (4s)
[414/415] Running: v19_stress_envelope_clear_requires_later_wrap

Manual Harness Summary:
Complete - 1 successfully verified harnesses, 0 failures, 1 total.
  -> PASS (33s)
[415/415] Running: v19_trade_touch_order_is_ascending

Manual Harness Summary:
Complete - 1 successfully verified harnesses, 0 failures, 1 total.
  -> PASS (3s)

=========================================
SUMMARY: 415 passed, 0 failed/timeout (0 timeout) out of 415
Results saved to: /home/anatoly/percolator/kani_audit_full.tsv
Final timings saved to: /home/anatoly/percolator/kani_audit_final.tsv
=========================================
